 OUTPUT RESULTS OF CONNEC3D

 6-CONNECTIVITY ANALYSIS
 PARAMETER FILE WAS : PHASE3.PAR  


 INPUT INDICATOR FILE : conGd.out   
 NX :    100
 NY :     60
 NZ :     20
 DX :      1.000
 DY :      1.000
 DZ :      1.000
 PROPORTION OF FACIES 1 :     0.5322

 CONNECTED COMPONENTS STATISTICS


 NUMBER OF CONNECTED COMPONENTS :    301

 AVERAGES
 ========
 MEAN SIZE IN PIXELS :   212.1861
 MEAN SIZE REAL UNITS :     212.1861
 MEAN SIZE RELATIVE TO TOTAL AREA OF FACIES 1 :     0.0033
 MEAN LENGTH ALONG X (IN PIXELS) :     1.6512
 MEAN LENGTH ALONG Y (IN PIXELS) :     1.5615
 MEAN LENGTH ALONG Z (IN PIXELS) :     1.0764

 MAXIMA
 ======
 THE LARGEST COMPONENT IS NUMBER :      1
 WITH MAXIMUM SIZE IN PIXELS :  63197
 AND RELATIVE TO TOTAL AREA OF FACIES 1 :     0.9895
 MAXIMUM LENGTH ALONG X (IN PIXELS) :    100
 MAXIMUM LENGTH ALONG Y (IN PIXELS) :     60
 MAXIMUM LENGTH ALONG Z (IN PIXELS) :     20

 MINIMA
 ======
 SIZE IN PIXELS OF SMALLEST COMPONENT :      1
 MINIMUM LENGTH ALONG X (IN PIXELS) :      1
 MIMIMUN LENGTH ALONG Y (IN PIXELS) :      1
 MIMIMUN LENGTH ALONG Z (IN PIXELS) :      1

 PERCOLATION
 ===========
 NUMBER OF PERCOLATING COMPONENTS IN X :      1
 NUMBER OF PERCOLATING COMPONENTS IN Y :      1
 NUMBER OF PERCOLATING COMPONENTS IN Z :      1

 OUTPUT FILE WITH CONNECTED COMPONENTS : conGd.CCO   

 OUTPUT FILE WITH CONNECTIVIY FUNCTION : conGd.COF   

 CONNECTIVITY FUNCTION
 =====================

 ALONG THE X DIRECTION (1,0,0)
     1.000    1.000000       55635       55635
     2.000    0.996827       52786       52954
     3.000    0.994756       50270       50535
     4.000    0.993620       48125       48434
     5.000    0.992099       46208       46576
     6.000    0.991366       44551       44939
     7.000    0.990712       42985       43388
     8.000    0.990020       41466       41884
     9.000    0.989377       40048       40478
    10.000    0.988545       38663       39111
    11.000    0.987999       37377       37831
    12.000    0.987069       36107       36580
    13.000    0.986683       34898       35369
    14.000    0.986101       33772       34248
    15.000    0.985948       32766       33233
    16.000    0.985378       31808       32280
    17.000    0.984465       30862       31349
    18.000    0.983407       29988       30494
    19.000    0.982589       29233       29751
    20.000    0.982234       28417       28931

 ALONG THE Y DIRECTION (0,1,0)
     1.000    1.000000       56405       56405
     2.000    0.996626       54059       54242
     3.000    0.995859       51701       51916
     4.000    0.994597       49707       49977
     5.000    0.994017       47845       48133
     6.000    0.993190       46088       46404
     7.000    0.992536       44417       44751
     8.000    0.992373       42810       43139
     9.000    0.992235       41272       41595
    10.000    0.991483       39813       40155
    11.000    0.991633       38398       38722
    12.000    0.991090       37041       37374
    13.000    0.990897       35705       36033
    14.000    0.991021       34435       34747
    15.000    0.990892       33181       33486
    16.000    0.990395       31965       32275
    17.000    0.990200       30816       31121
    18.000    0.989955       29663       29964
    19.000    0.990326       28560       28839
    20.000    0.989970       27537       27816

 ALONG THE Z DIRECTION (0,0,1)
     1.000    1.000000       36765       36765
     2.000    0.988531       33011       33394
     3.000    0.984084       30420       30912
     4.000    0.982484       27596       28088
     5.000    0.981969       25270       25734
     6.000    0.979876       23372       23852
     7.000    0.982885       21708       22086
     8.000    0.981087       19816       20198
     9.000    0.988213       17941       18155
    10.000    0.977415       17484       17888
    11.000    0.972847       16015       16462
    12.000    0.984107       13870       14094
    13.000    0.972991       11852       12181
    14.000    0.964643        8676        8994
    15.000    0.966475        6717        6950
    16.000    0.943786        4382        4643
    17.000    0.909170        2102        2312
    18.000    0.802686         777         968
    19.000    0.687180         268         390
    20.000    0.000000           0           0

 ALONG THE FIRST 3D DIAGONAL (1,1,1)
     1.732    0.998055       35913       35983
     3.464    0.989176       31162       31503
     5.196    0.983353       28000       28474
     6.928    0.982338       24695       25139
     8.660    0.981131       22255       22683
    10.392    0.980765       20395       20795
    12.124    0.984340       18480       18774
    13.856    0.981810       16139       16438
    15.588    0.986957       13696       13877
    17.321    0.977706       12455       12739
    19.053    0.978519       11297       11545
    20.785    0.976668        8665        8872
    22.517    0.972656        7719        7936
    24.249    0.963581        5371        5574
    25.981    0.957107        3771        3940
    27.713    0.950232        2253        2371
    29.445    0.896471        1143        1275
    31.177    0.903110         755         836
    32.909    0.977974         444         454
    34.641    0.000000           0           0

 ALONG THE SECOND 3D DIAGONAL (1,-1,1)
     1.732    0.998055       35921       35991
     3.464    0.989093       31194       31538
     5.196    0.982655       28156       28653
     6.928    0.982404       24901       25347
     8.660    0.979570       22296       22761
    10.392    0.980954       20190       20582
    12.124    0.981237       18251       18600
    13.856    0.977129       16235       16615
    15.588    0.981950       13981       14238
    17.321    0.972653       12555       12908
    19.053    0.974494       11691       11997
    20.785    0.975671        9344        9577
    22.517    0.978097        8172        8355
    24.249    0.982711        5741        5842
    25.981    0.964444        4774        4950
    27.713    0.926222        3013        3253
    29.445    0.879310        1683        1914
    31.177    0.857831        1068        1245
    32.909    0.937901         438         467
    34.641    0.000000           0           0

 ALONG THE THIRD 3D DIAGONAL (-1,-1,1)
     1.732    0.997855       35820       35897
     3.464    0.988556       31702       32069
     5.196    0.985571       28825       29247
     6.928    0.982564       25190       25637
     8.660    0.982830       22725       23122
    10.392    0.979259       20396       20828
    12.124    0.983787       18507       18812
    13.856    0.976968       16076       16455
    15.588    0.985611       14522       14734
    17.321    0.979652       14010       14301
    19.053    0.971789       12332       12690
    20.785    0.988692       10667       10789
    22.517    0.972544        8891        9142
    24.249    0.970382        6356        6550
    25.981    0.978144        4744        4850
    27.713    0.926230        2825        3050
    29.445    0.864181        1298        1502
    31.177    0.873745         609         697
    32.909    0.111111          10          90
    34.641    0.000000           0           0

 ALONG THE FOURTH 3D DIAGONAL (-1,1,1)
     1.732    0.997794       35733       35812
     3.464    0.988611       31682       32047
     5.196    0.985412       28573       28996
     6.928    0.983601       25131       25550
     8.660    0.984612       22779       23135
    10.392    0.978382       19959       20400
    12.124    0.980936       18009       18359
    13.856    0.980813       16000       16313
    15.588    0.985600       14305       14514
    17.321    0.985275       13115       13311
    19.053    0.978752       11608       11860
    20.785    0.982408        9214        9379
    22.517    0.969831        7683        7922
    24.249    0.980701        5844        5959
    25.981    0.978204        4084        4175
    27.713    0.967420        2910        3008
    29.445    0.965952        1532        1586
    31.177    0.923729         436         472
    32.909    0.111111           3          27
    34.641    0.000000           0           0

 AVERAGE ALONG X AND Y
     1.000    1.000000      112040      112040
     2.000    0.996726      106845      107196
     3.000    0.995315      101971      102451
     4.000    0.994116       97832       98411
     5.000    0.993074       94053       94709
     6.000    0.992293       90639       91343
     7.000    0.991638       87402       88139
     8.000    0.991214       84276       85023
     9.000    0.990825       81320       82073
    10.000    0.990034       78476       79266
    11.000    0.989837       75775       76553
    12.000    0.989101       73148       73954
    13.000    0.988810       70603       71402
    14.000    0.988579       68207       68995
    15.000    0.988429       65947       66719
    16.000    0.987886       63773       64555
    17.000    0.987322       61678       62470
    18.000    0.986652       59651       60458
    19.000    0.986397       57793       58590
    20.000    0.986026       55954       56747

 AVERAGE ALONG X, Y AND Z
     1.000    1.000000      148805      148805
     2.000    0.994779      139856      140590
     3.000    0.992712      132391      133363
     4.000    0.991534      125428      126499
     5.000    0.990701      119323      120443
     6.000    0.989722      114011      115195
     7.000    0.989884      109110      110225
     8.000    0.989270      104092      105221
     9.000    0.990352       99261      100228
    10.000    0.987710       95960       97154
    11.000    0.986830       91790       93015
    12.000    0.988302       87018       88048
    13.000    0.986504       82455       83583
    14.000    0.985819       76883       77989
    15.000    0.986358       72664       73669
    16.000    0.984927       68155       69198
    17.000    0.984533       63780       64782
    18.000    0.983753       60428       61426
    19.000    0.984418       58061       58980
    20.000    0.986026       55954       56747

 AVERAGE ALONG THE 3D DIAGONALS
     1.732    0.997940      143387      143683
     3.464    0.988856      125740      127157
     5.196    0.984259      113554      115370
     6.928    0.982729       99917      101673
     8.660    0.982050       90055       91701
    10.392    0.979844       80940       82605
    12.124    0.982588       73247       74545
    13.856    0.979171       64450       65821
    15.588    0.985025       56504       57363
    17.321    0.978896       52135       53259
    19.053    0.975796       46928       48092
    20.785    0.981174       37890       38617
    22.517    0.973317       32465       33355
    24.249    0.974378       23312       23925
    25.981    0.969746       17373       17915
    27.713    0.941705       11001       11682
    29.445    0.901067        5656        6277
    31.177    0.882462        2868        3250
    32.909    0.862235         895        1038
    34.641    0.000000           0           0

 FIRST DIAGONAL ON THE X-Y PLANE (1,1,0)
     1.414    0.997496       54581       54718
     2.828    0.995634       50857       51080
     4.243    0.994545       47765       48027
     5.657    0.992737       44968       45297
     7.071    0.992198       42476       42810
     8.485    0.990915       40246       40615
     9.899    0.990499       38054       38419
    11.314    0.989380       36055       36442
    12.728    0.988618       34221       34615
    14.142    0.987794       32451       32852
    15.556    0.987176       30792       31192
    16.971    0.986729       29295       29689
    18.385    0.986446       27874       28257
    19.799    0.985803       26526       26908
    21.213    0.985790       25322       25687
    22.627    0.984982       24202       24571
    24.042    0.984929       23135       23489
    25.456    0.984571       22207       22555
    26.870    0.983981       21254       21600
    28.284    0.983545       20323       20663

 SECOND DIAGONAL ON THE X-Y PLANE (1,-1,0
     1.414    0.997546       54055       54188
     2.828    0.995244       50016       50255
     4.243    0.993444       46670       46978
     5.657    0.992320       43672       44010
     7.071    0.991611       40898       41244
     8.485    0.991183       38557       38900
     9.899    0.990730       36232       36571
    11.314    0.989967       34141       34487
    12.728    0.989625       32145       32482
    14.142    0.988938       30306       30645
    15.556    0.988149       28600       28943
    16.971    0.987349       27003       27349
    18.385    0.986913       25565       25904
    19.799    0.986770       24165       24489
    21.213    0.986655       22920       23230
    22.627    0.986199       21724       22028
    24.042    0.985601       20672       20974
    25.456    0.984845       19626       19928
    26.870    0.984170       18714       19015
    28.284    0.984775       17788       18063

 FIRST DIAGONAL ON THE X-Z PLANE (1,0,1)
     1.414    0.998083       36447       36517
     2.828    0.988807       32068       32431
     4.243    0.983196       29372       29874
     5.657    0.982337       26361       26835
     7.071    0.979958       24007       24498
     8.485    0.979588       22268       22732
     9.899    0.981796       20441       20820
    11.314    0.979360       18505       18895
    12.728    0.987813       16211       16411
    14.142    0.972984       14946       15361
    15.556    0.971061       13724       14133
    16.971    0.979776       11385       11620
    18.385    0.976386       10130       10375
    19.799    0.968716        7153        7384
    21.213    0.941806        5632        5980
    22.627    0.931069        3755        4033
    24.042    0.892276        2137        2395
    25.456    0.866589        1494        1724
    26.870    0.941176         672         714
    28.284    0.000000           0           0

 SECOND DIAGONAL ON THE X-Z PLANE (1,0,-1)
     1.414    0.998105       36339       36408
     2.828    0.988418       32601       32983
     4.243    0.985335       30034       30481
     5.657    0.982269       26647       27128
     7.071    0.983641       24532       24940
     8.485    0.977810       22121       22623
     9.899    0.982115       20427       20799
    11.314    0.978545       18517       18923
    12.728    0.986176       16622       16855
    14.142    0.982576       16015       16299
    15.556    0.971047       14824       15266
    16.971    0.986830       12438       12604
    18.385    0.964483       10645       11037
    19.799    0.966798        8095        8373
    21.213    0.980414        6057        6178
    22.627    0.952996        3690        3872
    24.042    0.941342        2006        2131
    25.456    0.929314         894         962
    26.870    0.211538          44         208
    28.284    0.000000           0           0

 FIRST DIAGONAL ON THE Y-Z PLANE (0,1,1)
     1.414    0.998426       36148       36205
     2.828    0.988957       32062       32420
     4.243    0.984498       29087       29545
     5.657    0.983683       25983       26414
     7.071    0.982744       23521       23934
     8.485    0.979927       21236       21671
     9.899    0.984187       19356       19667
    11.314    0.984591       17316       17587
    12.728    0.987647       15351       15543
    14.142    0.984659       14442       14667
    15.556    0.980272       13118       13382
    16.971    0.983295       10301       10476
    18.385    0.974058        8636        8866
    19.799    0.972808        6368        6546
    21.213    0.971354        4815        4957
    22.627    0.939739        2807        2987
    24.042    0.911658        1259        1381
    25.456    0.839817         367         437
    26.870    0.755020         188         249
    28.284    0.000000           0           0

 SECOND DIAGONAL ON THE Y-Z PLANE (0,1,-1)
     1.414    0.998648       36199       36248
     2.828    0.988663       32093       32461
     4.243    0.984302       29157       29622
     5.657    0.982744       26083       26541
     7.071    0.981836       23460       23894
     8.485    0.981340       21141       21543
     9.899    0.983196       19484       19817
    11.314    0.977143       17228       17631
    12.728    0.985185       15561       15795
    14.142    0.975062       14858       15238
    15.556    0.973702       12996       13347
    16.971    0.982887       11315       11512
    18.385    0.978180        9997       10220
    19.799    0.965875        6708        6945
    21.213    0.956217        5176        5413
    22.627    0.956499        3606        3770
    24.042    0.902564        1584        1755
    25.456    0.755639         603         798
    26.870    0.569579         176         309
    28.284    0.000000           0           0
